#
# A fatal error has been detected by the Java Runtime Environment:
#
#  SIGBUS (0xa) at pc=0x00007ff3fd809000, pid=49367, tid=0x0000000000002603
#
# JRE version: OpenJDK Runtime Environment (8.0_292-b10) (build 1.8.0_292-b10)
# Java VM: OpenJDK 64-Bit Server VM (25.292-b10 mixed mode bsd-amd64 compressed oops)
# Problematic frame:
# C  0x00007ff3fd809000
#
# Failed to write core dump. Core dumps have been disabled. To enable core dumping, try "ulimit -c unlimited" before starting Java again
#
# If you would like to submit a bug report, please visit:
#   https://github.com/AdoptOpenJDK/openjdk-support/issues
#

---------------  T H R E A D  ---------------

Current thread (0x00007ff3fd809000):  JavaThread "main" [_thread_in_vm, id=9731, stack(0x000000030d516000,0x000000030d616000)]

siginfo: si_signo: 10 (SIGBUS), si_code: 2 (BUS_ADRERR), si_addr: 0x00007ff3fd809000

Registers:
RAX=0x0000000000000000, RBX=0x0000000000000930, RCX=0x00007ff3fd809000, RDX=0x0000000000000930
RSP=0x000000030d614038, RBP=0x000000010de2c282, RSI=0x000000076b168958, RDI=0x000000030d614008
R8 =0x00007ff3fd809000, R9 =0x000000076b2b0d58, R10=0x0000600003599438, R11=0x000000076b2b0d68
R12=0x000000076b168958, R13=0x00007ff3fd809000, R14=0x00000007c00007a8, R15=0x000000076b168958
RIP=0x00007ff3fd809000, EFLAGS=0x0000000000000212, ERR=0x0000000000000015
  TRAPNO=0x000000000000000e

Top of Stack: (sp=0x000000030d614038)
0x000000030d614038:   000000076b020d48 000001260d614070
0x000000030d614048:   000000000000091a 00000007c00007a8
0x000000030d614058:   00007ff3fd809000 00007ff3fd809000
0x000000030d614068:   000000076b168958 000000030d6140c0
0x000000030d614078:   000000010e2f532e 0000000000000001
0x000000030d614088:   00007ff3fd809000 0000000100000001
0x000000030d614098:   00007ff3fd809000 0000000000000000
0x000000030d6140a8:   00000001285fc531 000000030d614170
0x000000030d6140b8:   00007ff3fd809000 000000030d6140f0
0x000000030d6140c8:   000000010e046e68 0000000000000000
0x000000030d6140d8:   00007ff3fd809000 00007ff3fd809000
0x000000030d6140e8:   00000000000000bc 000000030d614150
0x000000030d6140f8:   000000010fbef687 000000030d614140
0x000000030d614108:   000000010fbef653 000000030d614110
0x000000030d614118:   00000001285fc531 000000030d614170
0x000000030d614128:   00000001285ffdb0 00000001286fac88
0x000000030d614138:   00000001285fc550 0000000000000000
0x000000030d614148:   000000030d614168 000000030d6141c8
0x000000030d614158:   000000010fbd1d80 0000000000000000
0x000000030d614168:   000000000000091a 000000076b01fd38
0x000000030d614178:   0000000000000001 000000076b01f510
0x000000030d614188:   000000030d614178 0000000128708d58
0x000000030d614198:   000000030d6141d8 00000001287090f8
0x000000030d6141a8:   0000000000000000 0000000128708d68
0x000000030d6141b8:   000000030d614168 000000030d6141d8
0x000000030d6141c8:   000000030d614220 000000010fbd1d80
0x000000030d6141d8:   000000076b01f510 000000030d6141e0
0x000000030d6141e8:   00000001287bb354 000000030d614250
0x000000030d6141f8:   00000001287bda18 0000000000000000
0x000000030d614208:   00000001287bb368 000000030d6141d8
0x000000030d614218:   000000030d614248 000000030d614298
0x000000030d614228:   000000010fbd1d80 00000000ffffffff 

Instructions: (pc=0x00007ff3fd809000)
0x00007ff3fd808fe0:   00 00 00 00 00 00 00 00 00 00 00 00 00 00 00 00
0x00007ff3fd808ff0:   00 00 00 00 00 00 00 00 00 00 00 00 00 00 00 00
0x00007ff3fd809000:   18 87 46 0e 01 00 00 00 00 00 00 00 00 00 00 00
0x00007ff3fd809010:   00 00 00 00 00 00 00 00 00 00 00 00 00 00 00 00 

Register to memory mapping:

RAX=0x0000000000000000 is an unknown value
RBX=0x0000000000000930 is an unknown value
RCX=0x00007ff3fd809000 is a thread
RDX=0x0000000000000930 is an unknown value
RSP=0x000000030d614038 is pointing into the stack for thread: 0x00007ff3fd809000
RBP=0x000000010de2c282: _Z22post_allocation_notify11KlassHandleP7oopDesci+0xa7 in /Library/Java/JavaVirtualMachines/adoptopenjdk-8.jdk/Contents/Home/jre/lib/server/libjvm.dylib at 0x000000010dd87000
RSI=0x000000076b168958 is an oop
[B 
 - klass: {type array byte}
 - length: 2330
RDI=0x000000030d614008 is pointing into the stack for thread: 0x00007ff3fd809000
R8 =0x00007ff3fd809000 is a thread
R9 =0x000000076b2b0d58 is an oop
